<?xml version="1.0" encoding="UTF-8" ?>
<testsuite failures="0" time="0.931" errors="0" skipped="0" tests="1" name="TestSuite">
  <properties>
    <property name="java.runtime.name" value="Java(TM) SE Runtime Environment"/>
    <property name="sun.boot.library.path" value="C:\Java\jdk1.6.0_21\jre\bin"/>
    <property name="java.vm.version" value="17.0-b17"/>
    <property name="java.vm.vendor" value="Sun Microsystems Inc."/>
    <property name="java.vendor.url" value="http://java.sun.com/"/>
    <property name="path.separator" value=";"/>
    <property name="java.vm.name" value="Java HotSpot(TM) Client VM"/>
    <property name="file.encoding.pkg" value="sun.io"/>
    <property name="user.country" value="PL"/>
    <property name="sun.java.launcher" value="SUN_STANDARD"/>
    <property name="sun.os.patch.level" value=""/>
    <property name="java.vm.specification.name" value="Java Virtual Machine Specification"/>
    <property name="user.dir" value="C:\Users\Ariel\workspace\ob"/>
    <property name="java.runtime.version" value="1.6.0_21-b07"/>
    <property name="java.awt.graphicsenv" value="sun.awt.Win32GraphicsEnvironment"/>
    <property name="basedir" value="C:\Users\Ariel\workspace\ob"/>
    <property name="java.endorsed.dirs" value="C:\Java\jdk1.6.0_21\jre\lib\endorsed"/>
    <property name="os.arch" value="x86"/>
    <property name="surefire.real.class.path" value="C:\Users\Ariel\AppData\Local\Temp\surefirebooter7915862865298568922.jar"/>
    <property name="java.io.tmpdir" value="C:\Users\Ariel\AppData\Local\Temp\"/>
    <property name="line.separator" value="
"/>
    <property name="java.vm.specification.vendor" value="Sun Microsystems Inc."/>
    <property name="user.variant" value=""/>
    <property name="os.name" value="Windows 7"/>
    <property name="sun.jnu.encoding" value="Cp1250"/>
    <property name="java.library.path" value="C:\Java\jdk1.6.0_21\jre\bin;.;C:\Windows\Sun\Java\bin;C:\Windows\system32;C:\Windows;C:\Windows\system32;C:\Windows;C:\Windows\System32\Wbem;C:\Windows\System32\WindowsPowerShell\v1.0\;C:\Program Files (x86)\Microsoft SQL Server\100\Tools\Binn\;C:\Program Files\Microsoft SQL Server\100\Tools\Binn\;C:\Program Files\Microsoft SQL Server\100\DTS\Binn\;C:\apache-maven-2.2.1\bin;C:\Git\bin;C:\Java\jdk1.6.0_21\bin\"/>
    <property name="surefire.test.class.path" value="C:\Users\Ariel\workspace\ob\target\test-classes;C:\Users\Ariel\workspace\ob\target\classes;C:\Users\Ariel\.m2\repository\javax\enterprise\cdi-api\1.0\cdi-api-1.0.jar;C:\Users\Ariel\.m2\repository\org\jboss\interceptor\jboss-interceptor-api\1.1\jboss-interceptor-api-1.1.jar;C:\Users\Ariel\.m2\repository\javax\annotation\jsr250-api\1.0\jsr250-api-1.0.jar;C:\Users\Ariel\.m2\repository\javax\inject\javax.inject\1\javax.inject-1.jar;C:\Users\Ariel\.m2\repository\org\jboss\ejb3\jboss-ejb3-api\3.1.0\jboss-ejb3-api-3.1.0.jar;C:\Users\Ariel\.m2\repository\javax\validation\validation-api\1.0.0.GA\validation-api-1.0.0.GA.jar;C:\Users\Ariel\.m2\repository\org\hibernate\hibernate-validator\4.0.0.GA\hibernate-validator-4.0.0.GA.jar;C:\Users\Ariel\.m2\repository\org\slf4j\slf4j-api\1.5.9.RC1\slf4j-api-1.5.9.RC1.jar;C:\Users\Ariel\.m2\repository\javax\xml\bind\jaxb-api\2.1\jaxb-api-2.1.jar;C:\Users\Ariel\.m2\repository\javax\xml\stream\stax-api\1.0-2\stax-api-1.0-2.jar;C:\Users\Ariel\.m2\repository\javax\activation\activation\1.1\activation-1.1.jar;C:\Users\Ariel\.m2\repository\com\sun\xml\bind\jaxb-impl\2.1.3\jaxb-impl-2.1.3.jar;C:\Users\Ariel\.m2\repository\javax\faces\jsf-api\2.0.0-RC\jsf-api-2.0.0-RC.jar;C:\Users\Ariel\.m2\repository\javax\persistence\persistence-api\1.0\persistence-api-1.0.jar;C:\Users\Ariel\.m2\repository\org\testng\testng\5.10\testng-5.10-jdk15.jar;C:\Users\Ariel\.m2\repository\junit\junit\3.8.1\junit-3.8.1.jar;C:\Users\Ariel\.m2\repository\org\glassfish\web\el-impl\2.1.2-b04\el-impl-2.1.2-b04.jar;"/>
    <property name="java.specification.name" value="Java Platform API Specification"/>
    <property name="java.class.version" value="50.0"/>
    <property name="sun.management.compiler" value="HotSpot Client Compiler"/>
    <property name="os.version" value="6.1"/>
    <property name="user.home" value="C:\Users\Ariel"/>
    <property name="user.timezone" value="Europe/Belgrade"/>
    <property name="java.awt.printerjob" value="sun.awt.windows.WPrinterJob"/>
    <property name="java.specification.version" value="1.6"/>
    <property name="file.encoding" value="Cp1250"/>
    <property name="user.name" value="Ariel"/>
    <property name="java.class.path" value="C:\Users\Ariel\workspace\ob\target\test-classes;C:\Users\Ariel\workspace\ob\target\classes;C:\Users\Ariel\.m2\repository\javax\enterprise\cdi-api\1.0\cdi-api-1.0.jar;C:\Users\Ariel\.m2\repository\org\jboss\interceptor\jboss-interceptor-api\1.1\jboss-interceptor-api-1.1.jar;C:\Users\Ariel\.m2\repository\javax\annotation\jsr250-api\1.0\jsr250-api-1.0.jar;C:\Users\Ariel\.m2\repository\javax\inject\javax.inject\1\javax.inject-1.jar;C:\Users\Ariel\.m2\repository\org\jboss\ejb3\jboss-ejb3-api\3.1.0\jboss-ejb3-api-3.1.0.jar;C:\Users\Ariel\.m2\repository\javax\validation\validation-api\1.0.0.GA\validation-api-1.0.0.GA.jar;C:\Users\Ariel\.m2\repository\org\hibernate\hibernate-validator\4.0.0.GA\hibernate-validator-4.0.0.GA.jar;C:\Users\Ariel\.m2\repository\org\slf4j\slf4j-api\1.5.9.RC1\slf4j-api-1.5.9.RC1.jar;C:\Users\Ariel\.m2\repository\javax\xml\bind\jaxb-api\2.1\jaxb-api-2.1.jar;C:\Users\Ariel\.m2\repository\javax\xml\stream\stax-api\1.0-2\stax-api-1.0-2.jar;C:\Users\Ariel\.m2\repository\javax\activation\activation\1.1\activation-1.1.jar;C:\Users\Ariel\.m2\repository\com\sun\xml\bind\jaxb-impl\2.1.3\jaxb-impl-2.1.3.jar;C:\Users\Ariel\.m2\repository\javax\faces\jsf-api\2.0.0-RC\jsf-api-2.0.0-RC.jar;C:\Users\Ariel\.m2\repository\javax\persistence\persistence-api\1.0\persistence-api-1.0.jar;C:\Users\Ariel\.m2\repository\org\testng\testng\5.10\testng-5.10-jdk15.jar;C:\Users\Ariel\.m2\repository\junit\junit\3.8.1\junit-3.8.1.jar;C:\Users\Ariel\.m2\repository\org\glassfish\web\el-impl\2.1.2-b04\el-impl-2.1.2-b04.jar;"/>
    <property name="java.vm.specification.version" value="1.0"/>
    <property name="sun.arch.data.model" value="32"/>
    <property name="java.home" value="C:\Java\jdk1.6.0_21\jre"/>
    <property name="java.specification.vendor" value="Sun Microsystems Inc."/>
    <property name="user.language" value="pl"/>
    <property name="awt.toolkit" value="sun.awt.windows.WToolkit"/>
    <property name="java.vm.info" value="mixed mode, sharing"/>
    <property name="java.version" value="1.6.0_21"/>
    <property name="java.ext.dirs" value="C:\Java\jdk1.6.0_21\jre\lib\ext;C:\Windows\Sun\Java\lib\ext"/>
    <property name="sun.boot.class.path" value="C:\Java\jdk1.6.0_21\jre\lib\resources.jar;C:\Java\jdk1.6.0_21\jre\lib\rt.jar;C:\Java\jdk1.6.0_21\jre\lib\sunrsasign.jar;C:\Java\jdk1.6.0_21\jre\lib\jsse.jar;C:\Java\jdk1.6.0_21\jre\lib\jce.jar;C:\Java\jdk1.6.0_21\jre\lib\charsets.jar;C:\Java\jdk1.6.0_21\jre\classes"/>
    <property name="java.vendor" value="Sun Microsystems Inc."/>
    <property name="localRepository" value="C:\Users\Ariel\.m2\repository"/>
    <property name="file.separator" value="\"/>
    <property name="java.vendor.url.bug" value="http://java.sun.com/cgi-bin/bugreport.cgi"/>
    <property name="sun.cpu.endian" value="little"/>
    <property name="sun.io.unicode.encoding" value="UnicodeLittle"/>
    <property name="sun.desktop" value="windows"/>
    <property name="sun.cpu.isalist" value="pentium_pro+mmx pentium_pro pentium+mmx pentium i486 i386 i86"/>
  </properties>
  <testcase time="0.048" classname="obecnosci.ob.HelloWorldTest" name="testGetText"/>
</testsuite>